{
  "stats": {
    "suites": 11,
    "tests": 13,
    "passes": 13,
    "pending": 0,
    "failures": 0,
    "start": "2020-06-12T12:29:34.301Z",
    "end": "2020-06-12T12:29:37.721Z",
    "duration": 3420,
    "testsRegistered": 13,
    "passPercent": 100,
    "pendingPercent": 0,
    "other": 0,
    "hasOther": false,
    "skipped": 0,
    "hasSkipped": false
  },
  "results": [
    {
      "uuid": "89701535-8817-4861-b116-3b0b69e5d9c4",
      "title": "",
      "fullFile": "cypress/integration/examples/cypress_api.spec.js",
      "file": "cypress/integration/examples/cypress_api.spec.js",
      "beforeHooks": [],
      "afterHooks": [],
      "tests": [],
      "suites": [
        {
          "uuid": "837a1c5b-f97f-4ba8-a496-ccb63e4cbe2b",
          "title": "Cypress.Commands",
          "fullFile": "",
          "file": "",
          "beforeHooks": [],
          "afterHooks": [],
          "tests": [
            {
              "title": ".add() - create a custom command",
              "fullTitle": "Cypress.Commands .add() - create a custom command",
              "timedOut": null,
              "duration": 506,
              "state": "passed",
              "speed": "slow",
              "pass": true,
              "fail": false,
              "pending": false,
              "context": null,
              "code": "Cypress.Commands.add('console', {\n  prevSubject: true\n}, function (subject, method) {\n  // the previous subject is automatically received\n  // and the commands arguments are shifted\n  // allow us to change the console method used\n  method = method || 'log'; // log the subject to the console\n  // @ts-ignore TS7017\n  console[method]('The subject is', subject); // whatever we return becomes the new subject\n  // we don't want to change the subject so\n  // we return whatever was passed in\n  return subject;\n}); // @ts-ignore TS2339\ncy.get('button').console('info').then(function ($button) {// subject is still $button\n});",
              "err": {},
              "uuid": "0553a9e4-a93f-403c-b797-6b738e467432",
              "parentUUID": "837a1c5b-f97f-4ba8-a496-ccb63e4cbe2b",
              "isHook": false,
              "skipped": false
            }
          ],
          "suites": [],
          "passes": [
            "0553a9e4-a93f-403c-b797-6b738e467432"
          ],
          "failures": [],
          "pending": [],
          "skipped": [],
          "duration": 506,
          "root": false,
          "rootEmpty": false,
          "_timeout": 2000
        },
        {
          "uuid": "d76cf3b3-74ad-4a0a-b713-fc4a67007b9d",
          "title": "Cypress.Cookies",
          "fullFile": "",
          "file": "",
          "beforeHooks": [],
          "afterHooks": [],
          "tests": [
            {
              "title": ".debug() - enable or disable debugging",
              "fullTitle": "Cypress.Cookies .debug() - enable or disable debugging",
              "timedOut": null,
              "duration": 208,
              "state": "passed",
              "speed": "slow",
              "pass": true,
              "fail": false,
              "pending": false,
              "context": null,
              "code": "Cypress.Cookies.debug(true); // Cypress will now log in the console when\n// cookies are set or cleared\ncy.setCookie('fakeCookie', '123ABC');\ncy.clearCookie('fakeCookie');\ncy.setCookie('fakeCookie', '123ABC');\ncy.clearCookie('fakeCookie');\ncy.setCookie('fakeCookie', '123ABC');",
              "err": {},
              "uuid": "3cf382db-57b6-48ea-891b-2a593cfaca22",
              "parentUUID": "d76cf3b3-74ad-4a0a-b713-fc4a67007b9d",
              "isHook": false,
              "skipped": false
            },
            {
              "title": ".preserveOnce() - preserve cookies by key",
              "fullTitle": "Cypress.Cookies .preserveOnce() - preserve cookies by key",
              "timedOut": null,
              "duration": 138,
              "state": "passed",
              "speed": "slow",
              "pass": true,
              "fail": false,
              "pending": false,
              "context": null,
              "code": "// normally cookies are reset after each test\ncy.getCookie('fakeCookie').should('not.be.ok'); // preserving a cookie will not clear it when\n// the next test starts\ncy.setCookie('lastCookie', '789XYZ');\nCypress.Cookies.preserveOnce('lastCookie');",
              "err": {},
              "uuid": "41f48990-b9c7-4649-b3b4-b2087834bf95",
              "parentUUID": "d76cf3b3-74ad-4a0a-b713-fc4a67007b9d",
              "isHook": false,
              "skipped": false
            },
            {
              "title": ".defaults() - set defaults for all cookies",
              "fullTitle": "Cypress.Cookies .defaults() - set defaults for all cookies",
              "timedOut": null,
              "duration": 131,
              "state": "passed",
              "speed": "slow",
              "pass": true,
              "fail": false,
              "pending": false,
              "context": null,
              "code": "// now any cookie with the name 'session_id' will\n// not be cleared before each new test runs\nCypress.Cookies.defaults({\n  whitelist: 'session_id'\n});",
              "err": {},
              "uuid": "b2184e53-abdf-48b8-a619-c5b7bf2ba6cb",
              "parentUUID": "d76cf3b3-74ad-4a0a-b713-fc4a67007b9d",
              "isHook": false,
              "skipped": false
            }
          ],
          "suites": [],
          "passes": [
            "3cf382db-57b6-48ea-891b-2a593cfaca22",
            "41f48990-b9c7-4649-b3b4-b2087834bf95",
            "b2184e53-abdf-48b8-a619-c5b7bf2ba6cb"
          ],
          "failures": [],
          "pending": [],
          "skipped": [],
          "duration": 477,
          "root": false,
          "rootEmpty": false,
          "_timeout": 2000
        },
        {
          "uuid": "50364ce2-a889-494e-8dad-11498b204615",
          "title": "Cypress.Server",
          "fullFile": "",
          "file": "",
          "beforeHooks": [],
          "afterHooks": [],
          "tests": [
            {
              "title": ".defaults() - change default config of server",
              "fullTitle": "Cypress.Server .defaults() - change default config of server",
              "timedOut": null,
              "duration": 177,
              "state": "passed",
              "speed": "slow",
              "pass": true,
              "fail": false,
              "pending": false,
              "context": null,
              "code": "Cypress.Server.defaults({\n  delay: 0,\n  force404: false\n});",
              "err": {},
              "uuid": "1ad6322f-adf2-4570-b12f-b477a4d97d4e",
              "parentUUID": "50364ce2-a889-494e-8dad-11498b204615",
              "isHook": false,
              "skipped": false
            }
          ],
          "suites": [],
          "passes": [
            "1ad6322f-adf2-4570-b12f-b477a4d97d4e"
          ],
          "failures": [],
          "pending": [],
          "skipped": [],
          "duration": 177,
          "root": false,
          "rootEmpty": false,
          "_timeout": 2000
        },
        {
          "uuid": "7839ce5e-a7ac-4c73-81ce-14d3601be151",
          "title": "Cypress.arch",
          "fullFile": "",
          "file": "",
          "beforeHooks": [],
          "afterHooks": [],
          "tests": [
            {
              "title": "Get CPU architecture name of underlying OS",
              "fullTitle": "Cypress.arch Get CPU architecture name of underlying OS",
              "timedOut": null,
              "duration": 149,
              "state": "passed",
              "speed": "slow",
              "pass": true,
              "fail": false,
              "pending": false,
              "context": null,
              "code": "// https://on.cypress.io/arch\nexpect(Cypress.arch).to.exist;",
              "err": {},
              "uuid": "f0abceac-a3be-452e-87ff-e9dbe2ff6ce0",
              "parentUUID": "7839ce5e-a7ac-4c73-81ce-14d3601be151",
              "isHook": false,
              "skipped": false
            }
          ],
          "suites": [],
          "passes": [
            "f0abceac-a3be-452e-87ff-e9dbe2ff6ce0"
          ],
          "failures": [],
          "pending": [],
          "skipped": [],
          "duration": 149,
          "root": false,
          "rootEmpty": false,
          "_timeout": 2000
        },
        {
          "uuid": "6e47452b-1936-4614-9ebd-bd0a6820aaa3",
          "title": "Cypress.config()",
          "fullFile": "",
          "file": "",
          "beforeHooks": [],
          "afterHooks": [],
          "tests": [
            {
              "title": "Get and set configuration options",
              "fullTitle": "Cypress.config() Get and set configuration options",
              "timedOut": null,
              "duration": 137,
              "state": "passed",
              "speed": "slow",
              "pass": true,
              "fail": false,
              "pending": false,
              "context": null,
              "code": "// https://on.cypress.io/config\nvar myConfig = Cypress.config();\nexpect(myConfig).to.have.property('animationDistanceThreshold', 5);\nexpect(myConfig).to.have.property('baseUrl', null);\nexpect(myConfig).to.have.property('defaultCommandTimeout', 4000);\nexpect(myConfig).to.have.property('requestTimeout', 5000);\nexpect(myConfig).to.have.property('responseTimeout', 30000);\nexpect(myConfig).to.have.property('viewportHeight', 660);\nexpect(myConfig).to.have.property('viewportWidth', 1000);\nexpect(myConfig).to.have.property('pageLoadTimeout', 60000);\nexpect(myConfig).to.have.property('waitForAnimations', true);\nexpect(Cypress.config('pageLoadTimeout')).to.eq(60000); // this will change the config for the rest of your tests!\nCypress.config('pageLoadTimeout', 20000);\nexpect(Cypress.config('pageLoadTimeout')).to.eq(20000);\nCypress.config('pageLoadTimeout', 60000);",
              "err": {},
              "uuid": "fcca7fc5-9ebd-4776-b713-7548f017f9d2",
              "parentUUID": "6e47452b-1936-4614-9ebd-bd0a6820aaa3",
              "isHook": false,
              "skipped": false
            }
          ],
          "suites": [],
          "passes": [
            "fcca7fc5-9ebd-4776-b713-7548f017f9d2"
          ],
          "failures": [],
          "pending": [],
          "skipped": [],
          "duration": 137,
          "root": false,
          "rootEmpty": false,
          "_timeout": 2000
        },
        {
          "uuid": "1347667d-e565-4a30-94d3-ac9039291fe1",
          "title": "Cypress.dom",
          "fullFile": "",
          "file": "",
          "beforeHooks": [],
          "afterHooks": [],
          "tests": [
            {
              "title": ".isHidden() - determine if a DOM element is hidden",
              "fullTitle": "Cypress.dom .isHidden() - determine if a DOM element is hidden",
              "timedOut": null,
              "duration": 171,
              "state": "passed",
              "speed": "slow",
              "pass": true,
              "fail": false,
              "pending": false,
              "context": null,
              "code": "var hiddenP = Cypress.$('.dom-p p.hidden').get(0);\nvar visibleP = Cypress.$('.dom-p p.visible').get(0); // our first paragraph has css class 'hidden'\nexpect(Cypress.dom.isHidden(hiddenP)).to.be.true;\nexpect(Cypress.dom.isHidden(visibleP)).to.be.false;",
              "err": {},
              "uuid": "cc75a0e6-3f61-46cf-8f46-5f43cf02bf36",
              "parentUUID": "1347667d-e565-4a30-94d3-ac9039291fe1",
              "isHook": false,
              "skipped": false
            }
          ],
          "suites": [],
          "passes": [
            "cc75a0e6-3f61-46cf-8f46-5f43cf02bf36"
          ],
          "failures": [],
          "pending": [],
          "skipped": [],
          "duration": 171,
          "root": false,
          "rootEmpty": false,
          "_timeout": 2000
        },
        {
          "uuid": "7c48660e-5a43-4597-9d7c-14df8eb5a5bf",
          "title": "Cypress.env()",
          "fullFile": "",
          "file": "",
          "beforeHooks": [],
          "afterHooks": [],
          "tests": [
            {
              "title": "Get environment variables",
              "fullTitle": "Cypress.env() Get environment variables",
              "timedOut": null,
              "duration": 132,
              "state": "passed",
              "speed": "slow",
              "pass": true,
              "fail": false,
              "pending": false,
              "context": null,
              "code": "// https://on.cypress.io/env\n// set multiple environment variables\nCypress.env({\n  host: 'veronica.dev.local',\n  api_server: 'http://localhost:8888/v1/'\n}); // get environment variable\nexpect(Cypress.env('host')).to.eq('veronica.dev.local'); // set environment variable\nCypress.env('api_server', 'http://localhost:8888/v2/');\nexpect(Cypress.env('api_server')).to.eq('http://localhost:8888/v2/'); // get all environment variable\nexpect(Cypress.env()).to.have.property('host', 'veronica.dev.local');\nexpect(Cypress.env()).to.have.property('api_server', 'http://localhost:8888/v2/');",
              "err": {},
              "uuid": "899598be-3e28-4371-aaf8-1e7efd94830f",
              "parentUUID": "7c48660e-5a43-4597-9d7c-14df8eb5a5bf",
              "isHook": false,
              "skipped": false
            }
          ],
          "suites": [],
          "passes": [
            "899598be-3e28-4371-aaf8-1e7efd94830f"
          ],
          "failures": [],
          "pending": [],
          "skipped": [],
          "duration": 132,
          "root": false,
          "rootEmpty": false,
          "_timeout": 2000
        },
        {
          "uuid": "846a2480-a541-4461-85de-498aa89af2d6",
          "title": "Cypress.log",
          "fullFile": "",
          "file": "",
          "beforeHooks": [],
          "afterHooks": [],
          "tests": [
            {
              "title": "Control what is printed to the Command Log",
              "fullTitle": "Cypress.log Control what is printed to the Command Log",
              "timedOut": null,
              "duration": 145,
              "state": "passed",
              "speed": "slow",
              "pass": true,
              "fail": false,
              "pending": false,
              "context": null,
              "code": "// https://on.cypress.io/cypress-log",
              "err": {},
              "uuid": "cc8dca4a-5c27-4129-8b83-a4fcbaf1e22b",
              "parentUUID": "846a2480-a541-4461-85de-498aa89af2d6",
              "isHook": false,
              "skipped": false
            }
          ],
          "suites": [],
          "passes": [
            "cc8dca4a-5c27-4129-8b83-a4fcbaf1e22b"
          ],
          "failures": [],
          "pending": [],
          "skipped": [],
          "duration": 145,
          "root": false,
          "rootEmpty": false,
          "_timeout": 2000
        },
        {
          "uuid": "a175c956-71ba-4f89-8536-e3dda2783ab2",
          "title": "Cypress.platform",
          "fullFile": "",
          "file": "",
          "beforeHooks": [],
          "afterHooks": [],
          "tests": [
            {
              "title": "Get underlying OS name",
              "fullTitle": "Cypress.platform Get underlying OS name",
              "timedOut": null,
              "duration": 152,
              "state": "passed",
              "speed": "slow",
              "pass": true,
              "fail": false,
              "pending": false,
              "context": null,
              "code": "// https://on.cypress.io/platform\nexpect(Cypress.platform).to.be.exist;",
              "err": {},
              "uuid": "7f7fd429-fa23-493e-81e3-0da197a8bd0e",
              "parentUUID": "a175c956-71ba-4f89-8536-e3dda2783ab2",
              "isHook": false,
              "skipped": false
            }
          ],
          "suites": [],
          "passes": [
            "7f7fd429-fa23-493e-81e3-0da197a8bd0e"
          ],
          "failures": [],
          "pending": [],
          "skipped": [],
          "duration": 152,
          "root": false,
          "rootEmpty": false,
          "_timeout": 2000
        },
        {
          "uuid": "b498302c-4719-4094-9fad-0ff01aee8abc",
          "title": "Cypress.version",
          "fullFile": "",
          "file": "",
          "beforeHooks": [],
          "afterHooks": [],
          "tests": [
            {
              "title": "Get current version of Cypress being run",
              "fullTitle": "Cypress.version Get current version of Cypress being run",
              "timedOut": null,
              "duration": 151,
              "state": "passed",
              "speed": "slow",
              "pass": true,
              "fail": false,
              "pending": false,
              "context": null,
              "code": "// https://on.cypress.io/version\nexpect(Cypress.version).to.be.exist;",
              "err": {},
              "uuid": "ec478c24-89ad-4771-930d-bfbef3582665",
              "parentUUID": "b498302c-4719-4094-9fad-0ff01aee8abc",
              "isHook": false,
              "skipped": false
            }
          ],
          "suites": [],
          "passes": [
            "ec478c24-89ad-4771-930d-bfbef3582665"
          ],
          "failures": [],
          "pending": [],
          "skipped": [],
          "duration": 151,
          "root": false,
          "rootEmpty": false,
          "_timeout": 2000
        },
        {
          "uuid": "a10f72bc-3033-406a-bab5-2af410370e4d",
          "title": "Cypress.spec",
          "fullFile": "",
          "file": "",
          "beforeHooks": [],
          "afterHooks": [],
          "tests": [
            {
              "title": "Get current spec information",
              "fullTitle": "Cypress.spec Get current spec information",
              "timedOut": null,
              "duration": 133,
              "state": "passed",
              "speed": "slow",
              "pass": true,
              "fail": false,
              "pending": false,
              "context": null,
              "code": "// https://on.cypress.io/spec\n// wrap the object so we can inspect it easily by clicking in the command log\ncy.wrap(Cypress.spec).should('include.keys', ['name', 'relative', 'absolute']);",
              "err": {},
              "uuid": "73a46e79-8446-4f8f-8c90-2cfcc9ddbdc7",
              "parentUUID": "a10f72bc-3033-406a-bab5-2af410370e4d",
              "isHook": false,
              "skipped": false
            }
          ],
          "suites": [],
          "passes": [
            "73a46e79-8446-4f8f-8c90-2cfcc9ddbdc7"
          ],
          "failures": [],
          "pending": [],
          "skipped": [],
          "duration": 133,
          "root": false,
          "rootEmpty": false,
          "_timeout": 2000
        }
      ],
      "passes": [],
      "failures": [],
      "pending": [],
      "skipped": [],
      "duration": 0,
      "root": true,
      "rootEmpty": true,
      "_timeout": 2000
    }
  ],
  "meta": {
    "mocha": {
      "version": "7.0.1"
    },
    "mochawesome": {
      "options": {
        "quiet": false,
        "reportFilename": "mochawesome",
        "saveHtml": false,
        "saveJson": true,
        "consoleReporter": "spec",
        "useInlineDiffs": false,
        "code": true
      },
      "version": "6.1.1"
    },
    "marge": {
      "options": {
        "reportDir": "cypress/report/mochawesome-report",
        "overwrite": false,
        "html": false,
        "json": true,
        "timestamp": "mmddyyyy_HHMMss"
      },
      "version": "5.1.0"
    }
  }
}